$ next build
[32m[VELITE][0m building... 
[32m[VELITE][0m build finished in 2423.75ms
   â–² Next.js 15.3.3
   - Environments: .env

   Creating an optimized production build ...
 âœ“ Compiled successfully in 5.0s
   Linting and checking validity of types ...
   Collecting page data ...
 âš  Using edge runtime on a page currently disables static generation for that page
   Generating static pages (0/33) ...
   Generating static pages (8/33) 
   Generating static pages (16/33) 
   Generating static pages (24/33) 
 âœ“ Generating static pages (33/33)
   Finalizing page optimization ...
   Collecting build traces ...

Route (app)                                 Size  First Load JS
â”Œ â—‹ /                                       2 kB         106 kB
â”œ â—‹ /_not-found                            977 B         102 kB
â”œ Æ’ /api/incr                              142 B         101 kB
â”œ â—‹ /contact                             2.22 kB         147 kB
â”œ Æ’ /experiments                           829 B         145 kB
â”œ â— /experiments/[slug]                  5.55 kB         117 kB
â”œ   â”œ /experiments/card-spotlight
â”œ   â”œ /experiments/card-tilt
â”œ   â”œ /experiments/dot-pattern
â”œ   â”” [+3 more paths]
â”œ Æ’ /projects                              830 B         145 kB
â”” â— /projects/[slug]                     3.66 kB         115 kB
    â”œ /projects/8sprod
    â”œ /projects/abprod
    â”œ /projects/adan
    â”” [+19 more paths]
+ First Load JS shared by all             101 kB
  â”œ chunks/4bd1b696-4ac05eaf41b0610c.js  53.2 kB
  â”œ chunks/684-7f855773afdd1486.js       45.8 kB
  â”” other shared chunks (total)          1.93 kB


â—‹  (Static)   prerendered as static content
â—  (SSG)      prerendered as static HTML (uses generateStaticParams)
Æ’  (Dynamic)  server-rendered on demand

